<?xml version="1.0" encoding="UTF-8"?>
<!-- Generated by org.testng.reporters.JUnitReportReporter -->
<testsuite hostname="DESKTOP-7TCNFAA" failures="0" tests="3" name="Day6.TestNgTestClass" time="0.014" errors="0" timestamp="2025-08-13T15:43:20 IST" skipped="0">
  <testcase classname="Day6.TestNgTestClass" name="WebLogin" time="0.002"/>
  <testcase classname="Day6.TestNgTestClass" name="WebLogin" time="0.010"/>
  <testcase classname="Day6.TestNgTestClass" name="WebLogin" time="0.002"/>
</testsuite> <!-- Day6.TestNgTestClass -->
