<?xml version="1.0" encoding="UTF-8"?>
<!-- Generated by org.testng.reporters.JUnitXMLReporter -->
<testsuite ignored="0" hostname="DESKTOP-7TCNFAA" failures="0" tests="5" name="Test" time="0.095" errors="0" timestamp="2025-08-13T15:43:19 IST">
  <testcase classname="Day6.TestNgTestClass" name="WebLogin" time="0.01"/>
  <testcase classname="Day6.TestNgTestClass" name="WebLogin" time="0.002"/>
  <testcase classname="Day6.TestNgTestClass" name="WebLogin" time="0.002"/>
  <testcase classname="Day6.addToCart" name="addToCart" time="0.004"/>
  <testcase classname="Day6.addToCart" name="selectItem" time="0.002"/>
</testsuite> <!-- Test -->
